[debug] [2023-06-07T23:49:36.358Z] ----------------------------------------------------------------------
[debug] [2023-06-07T23:49:36.360Z] Command:       /usr/local/bin/node /usr/local/bin/firebase apps:create ios beauty_salons_customer (ios) --bundle-id=com.rezerver.app --json --project=rezerver-2023
[debug] [2023-06-07T23:49:36.360Z] CLI Version:   12.3.1
[debug] [2023-06-07T23:49:36.360Z] Platform:      darwin
[debug] [2023-06-07T23:49:36.361Z] Node Version:  v18.15.0
[debug] [2023-06-07T23:49:36.362Z] Time:          Thu Jun 08 2023 02:49:36 GMT+0300 (GMT+03:00)
[debug] [2023-06-07T23:49:36.362Z] ----------------------------------------------------------------------
[debug] 
[debug] [2023-06-07T23:49:36.367Z] > command requires scopes: ["email","openid","https://www.googleapis.com/auth/cloudplatformprojects.readonly","https://www.googleapis.com/auth/firebase","https://www.googleapis.com/auth/cloud-platform"]
[debug] [2023-06-07T23:49:36.368Z] > authorizing via signed-in user (serdaryildizdev@gmail.com)
[info] Create your IOS app in project rezerver-2023:
[debug] [2023-06-07T23:49:36.372Z] >>> [apiv2][query] POST https://firebase.googleapis.com/v1beta1/projects/rezerver-2023/iosApps [none]
[debug] [2023-06-07T23:49:36.372Z] >>> [apiv2][body] POST https://firebase.googleapis.com/v1beta1/projects/rezerver-2023/iosApps {"displayName":"beauty_salons_customer (ios)","bundleId":"com.rezerver.app"}
[debug] [2023-06-07T23:49:36.746Z] <<< [apiv2][status] POST https://firebase.googleapis.com/v1beta1/projects/rezerver-2023/iosApps 400
[debug] [2023-06-07T23:49:36.747Z] <<< [apiv2][body] POST https://firebase.googleapis.com/v1beta1/projects/rezerver-2023/iosApps {"error":{"code":400,"message":"Request contains an invalid argument.","status":"INVALID_ARGUMENT"}}
[debug] [2023-06-07T23:49:36.747Z] HTTP Error: 400, Request contains an invalid argument.
[debug] [2023-06-07T23:49:36.909Z] FirebaseError: HTTP Error: 400, Request contains an invalid argument.
    at responseToError (/usr/local/lib/node_modules/firebase-tools/lib/responseToError.js:49:12)
    at RetryOperation._fn (/usr/local/lib/node_modules/firebase-tools/lib/apiv2.js:288:77)
    at process.processTicksAndRejections (node:internal/process/task_queues:95:5)
[error] 
[error] Error: Failed to create iOS app for project rezerver-2023. See firebase-debug.log for more info.
